0 info it worked if it ends with ok
1 verbose cli [ 'node',
1 verbose cli   '/home/simon/node_modules/bin/npm',
1 verbose cli   'info',
1 verbose cli   'improved-model' ]
2 info using npm@1.4.13
3 info using node@v0.10.21
4 verbose url raw improved-model
5 verbose url resolving [ 'https://registry.npmjs.org/', './improved-model' ]
6 verbose url resolved https://registry.npmjs.org/improved-model
7 info trying registry request attempt 1 at 01:11:05
8 http GET https://registry.npmjs.org/improved-model
9 http 404 https://registry.npmjs.org/improved-model
10 verbose headers { date: 'Mon, 07 Jul 2014 04:11:11 GMT',
10 verbose headers   server: 'CouchDB/1.5.0 (Erlang OTP/R16B03)',
10 verbose headers   'content-type': 'application/json',
10 verbose headers   'cache-control': 'max-age=0',
10 verbose headers   'content-length': '52',
10 verbose headers   'accept-ranges': 'bytes',
10 verbose headers   via: '1.1 varnish',
10 verbose headers   age: '0',
10 verbose headers   'x-served-by': 'cache-iad2126-IAD',
10 verbose headers   'x-cache': 'MISS',
10 verbose headers   'x-cache-hits': '0',
10 verbose headers   'x-timer': 'S1404706271.457769,VS0,VE86',
10 verbose headers   'keep-alive': 'timeout=10, max=50',
10 verbose headers   connection: 'Keep-Alive' }
11 silly registry.get cb [ 404,
11 silly registry.get   { date: 'Mon, 07 Jul 2014 04:11:11 GMT',
11 silly registry.get     server: 'CouchDB/1.5.0 (Erlang OTP/R16B03)',
11 silly registry.get     'content-type': 'application/json',
11 silly registry.get     'cache-control': 'max-age=0',
11 silly registry.get     'content-length': '52',
11 silly registry.get     'accept-ranges': 'bytes',
11 silly registry.get     via: '1.1 varnish',
11 silly registry.get     age: '0',
11 silly registry.get     'x-served-by': 'cache-iad2126-IAD',
11 silly registry.get     'x-cache': 'MISS',
11 silly registry.get     'x-cache-hits': '0',
11 silly registry.get     'x-timer': 'S1404706271.457769,VS0,VE86',
11 silly registry.get     'keep-alive': 'timeout=10, max=50',
11 silly registry.get     connection: 'Keep-Alive' } ]
12 error 404 404 Not Found: improved-model
12 error 404
12 error 404 'improved-model' is not in the npm registry.
12 error 404 You should bug the author to publish it
12 error 404
12 error 404 Note that you can also install from a
12 error 404 tarball, folder, or http url, or git url.
13 error System Linux 3.13.0-29-generic
14 error command "node" "/home/simon/node_modules/bin/npm" "info" "improved-model"
15 error cwd /home/simon/Desktop/code/shared/improved-model
16 error node -v v0.10.21
17 error npm -v 1.4.13
18 error code E404
19 verbose exit [ 1, true ]
